# JRE version: 7.0_25-b17
# Java VM: Java HotSpot(TM) 64-Bit Server VM (23.25-b01 mixed mode windows-amd64 compressed oops)
Heap
 PSYoungGen      total 161216K, used 124805K [0x00000000f0000000, 0x0000000100000000, 0x0000000100000000)
  eden space 110336K, 67% used [0x00000000f0000000,0x00000000f4841178,0x00000000f6bc0000)
  from space 50880K, 99% used [0x00000000f6bc0000,0x00000000f9d60298,0x00000000f9d70000)
  to   space 78208K, 0% used [0x00000000fb3a0000,0x00000000fb3a0000,0x0000000100000000)
 ParOldGen       total 425088K, used 302289K [0x00000000d0000000, 0x00000000e9f20000, 0x00000000f0000000)
  object space 425088K, 71% used [0x00000000d0000000,0x00000000e27347e8,0x00000000e9f20000)
 PSPermGen       total 148800K, used 123342K [0x00000000c0000000, 0x00000000c9150000, 0x00000000d0000000)
  object space 148800K, 82% used [0x00000000c0000000,0x00000000c7873800,0x00000000c9150000)
GC Heap History (10 events):
Event: 5673.305 GC heap before
{Heap before GC invocations=156 (full 7):
 PSYoungGen      total 192384K, used 174793K [0x00000000f0000000, 0x0000000100000000, 0x0000000100000000)
  eden space 136448K, 96% used [0x00000000f0000000,0x00000000f7fec1d0,0x00000000f8540000)
  from space 55936K, 78% used [0x00000000fc960000,0x00000000ff426400,0x0000000100000000)
  to   space 62848K, 0% used [0x00000000f8540000,0x00000000f8540000,0x00000000fc2a0000)
 ParOldGen       total 425088K, used 299878K [0x00000000d0000000, 0x00000000e9f20000, 0x00000000f0000000)
  object space 425088K, 70% used [0x00000000d0000000,0x00000000e24d99a0,0x00000000e9f20000)
 PSPermGen       total 148800K, used 122167K [0x00000000c0000000, 0x00000000c9150000, 0x00000000d0000000)
  object space 148800K, 82% used [0x00000000c0000000,0x00000000c774dc18,0x00000000c9150000)
Event: 5673.331 GC heap after
Heap after GC invocations=156 (full 7):
 PSYoungGen      total 181376K, used 44924K [0x00000000f0000000, 0x0000000100000000, 0x0000000100000000)
  eden space 136448K, 0% used [0x00000000f0000000,0x00000000f0000000,0x00000000f8540000)
  from space 44928K, 99% used [0x00000000f8540000,0x00000000fb11f330,0x00000000fb120000)
  to   space 66368K, 0% used [0x00000000fbf30000,0x00000000fbf30000,0x0000000100000000)
 ParOldGen       total 425088K, used 302289K [0x00000000d0000000, 0x00000000e9f20000, 0x00000000f0000000)
  object space 425088K, 71% used [0x00000000d0000000,0x00000000e27347e8,0x00000000e9f20000)
 PSPermGen       total 148800K, used 122167K [0x00000000c0000000, 0x00000000c9150000, 0x00000000d0000000)
  object space 148800K, 82% used [0x00000000c0000000,0x00000000c774dc18,0x00000000c9150000)
}
Event: 5899.199 GC heap before
{Heap before GC invocations=157 (full 7):
 PSYoungGen      total 181376K, used 181372K [0x00000000f0000000, 0x0000000100000000, 0x0000000100000000)
  eden space 136448K, 100% used [0x00000000f0000000,0x00000000f8540000,0x00000000f8540000)
  from space 44928K, 99% used [0x00000000f8540000,0x00000000fb11f330,0x00000000fb120000)
  to   space 66368K, 0% used [0x00000000fbf30000,0x00000000fbf30000,0x0000000100000000)
 ParOldGen       total 425088K, used 302289K [0x00000000d0000000, 0x00000000e9f20000, 0x00000000f0000000)
  object space 425088K, 71% used [0x00000000d0000000,0x00000000e27347e8,0x00000000e9f20000)
 PSPermGen       total 148800K, used 122411K [0x00000000c0000000, 0x00000000c9150000, 0x00000000d0000000)
  object space 148800K, 82% used [0x00000000c0000000,0x00000000c778ae30,0x00000000c9150000)
Event: 5899.226 GC heap after
Heap after GC invocations=157 (full 7):
 PSYoungGen      total 189888K, used 45742K [0x00000000f0000000, 0x0000000100000000, 0x0000000100000000)
  eden space 123520K, 0% used [0x00000000f0000000,0x00000000f0000000,0x00000000f78a0000)
  from space 66368K, 68% used [0x00000000fbf30000,0x00000000febdbb30,0x0000000100000000)
  to   space 69312K, 0% used [0x00000000f78a0000,0x00000000f78a0000,0x00000000fbc50000)
 ParOldGen       total 425088K, used 302289K [0x00000000d0000000, 0x00000000e9f20000, 0x00000000f0000000)
  object space 425088K, 71% used [0x00000000d0000000,0x00000000e27347e8,0x00000000e9f20000)
 PSPermGen       total 148800K, used 122411K [0x00000000c0000000, 0x00000000c9150000, 0x00000000d0000000)
  object space 148800K, 82% used [0x00000000c0000000,0x00000000c778ae30,0x00000000c9150000)
}
Event: 5927.075 GC heap before
{Heap before GC invocations=158 (full 7):
 PSYoungGen      total 189888K, used 169259K [0x00000000f0000000, 0x0000000100000000, 0x0000000100000000)
  eden space 123520K, 99% used [0x00000000f0000000,0x00000000f789f2d8,0x00000000f78a0000)
  from space 66368K, 68% used [0x00000000fbf30000,0x00000000febdbb30,0x0000000100000000)
  to   space 69312K, 0% used [0x00000000f78a0000,0x00000000f78a0000,0x00000000fbc50000)
 ParOldGen       total 425088K, used 302289K [0x00000000d0000000, 0x00000000e9f20000, 0x00000000f0000000)
  object space 425088K, 71% used [0x00000000d0000000,0x00000000e27347e8,0x00000000e9f20000)
 PSPermGen       total 148800K, used 122908K [0x00000000c0000000, 0x00000000c9150000, 0x00000000d0000000)
  object space 148800K, 82% used [0x00000000c0000000,0x00000000c7807030,0x00000000c9150000)
Event: 5927.107 GC heap after
Heap after GC invocations=158 (full 7):
 PSYoungGen      total 174656K, used 51110K [0x00000000f0000000, 0x0000000100000000, 0x0000000100000000)
  eden space 123520K, 0% used [0x00000000f0000000,0x00000000f0000000,0x00000000f78a0000)
  from space 51136K, 99% used [0x00000000f78a0000,0x00000000faa89998,0x00000000faa90000)
  to   space 73408K, 0% used [0x00000000fb850000,0x00000000fb850000,0x0000000100000000)
 ParOldGen       total 425088K, used 302289K [0x00000000d0000000, 0x00000000e9f20000, 0x00000000f0000000)
  object space 425088K, 71% used [0x00000000d0000000,0x00000000e27347e8,0x00000000e9f20000)
 PSPermGen       total 148800K, used 122908K [0x00000000c0000000, 0x00000000c9150000, 0x00000000d0000000)
  object space 148800K, 82% used [0x00000000c0000000,0x00000000c7807030,0x00000000c9150000)
}
Event: 6028.822 GC heap before
{Heap before GC invocations=159 (full 7):
 PSYoungGen      total 174656K, used 174630K [0x00000000f0000000, 0x0000000100000000, 0x0000000100000000)
  eden space 123520K, 100% used [0x00000000f0000000,0x00000000f78a0000,0x00000000f78a0000)
  from space 51136K, 99% used [0x00000000f78a0000,0x00000000faa89998,0x00000000faa90000)
  to   space 73408K, 0% used [0x00000000fb850000,0x00000000fb850000,0x0000000100000000)
 ParOldGen       total 425088K, used 302289K [0x00000000d0000000, 0x00000000e9f20000, 0x00000000f0000000)
  object space 425088K, 71% used [0x00000000d0000000,0x00000000e27347e8,0x00000000e9f20000)
 PSPermGen       total 148800K, used 123168K [0x00000000c0000000, 0x00000000c9150000, 0x00000000d0000000)
  object space 148800K, 82% used [0x00000000c0000000,0x00000000c7848218,0x00000000c9150000)
Event: 6028.850 GC heap after
Heap after GC invocations=159 (full 7):
 PSYoungGen      total 183744K, used 49416K [0x00000000f0000000, 0x0000000100000000, 0x0000000100000000)
  eden space 110336K, 0% used [0x00000000f0000000,0x00000000f0000000,0x00000000f6bc0000)
  from space 73408K, 67% used [0x00000000fb850000,0x00000000fe892300,0x0000000100000000)
  to   space 75904K, 0% used [0x00000000f6bc0000,0x00000000f6bc0000,0x00000000fb5e0000)
 ParOldGen       total 425088K, used 302289K [0x00000000d0000000, 0x00000000e9f20000, 0x00000000f0000000)
  object space 425088K, 71% used [0x00000000d0000000,0x00000000e27347e8,0x00000000e9f20000)
 PSPermGen       total 148800K, used 123168K [0x00000000c0000000, 0x00000000c9150000, 0x00000000d0000000)
  object space 148800K, 82% used [0x00000000c0000000,0x00000000c7848218,0x00000000c9150000)
}
Event: 6460.174 GC heap before
{Heap before GC invocations=160 (full 7):
 PSYoungGen      total 183744K, used 159752K [0x00000000f0000000, 0x0000000100000000, 0x0000000100000000)
  eden space 110336K, 100% used [0x00000000f0000000,0x00000000f6bc0000,0x00000000f6bc0000)
  from space 73408K, 67% used [0x00000000fb850000,0x00000000fe892300,0x0000000100000000)
  to   space 75904K, 0% used [0x00000000f6bc0000,0x00000000f6bc0000,0x00000000fb5e0000)
 ParOldGen       total 425088K, used 302289K [0x00000000d0000000, 0x00000000e9f20000, 0x00000000f0000000)
  object space 425088K, 71% used [0x00000000d0000000,0x00000000e27347e8,0x00000000e9f20000)
 PSPermGen       total 148800K, used 123227K [0x00000000c0000000, 0x00000000c9150000, 0x00000000d0000000)
  object space 148800K, 82% used [0x00000000c0000000,0x00000000c7856d70,0x00000000c9150000)
Event: 6460.207 GC heap after
Heap after GC invocations=160 (full 7):
 PSYoungGen      total 161216K, used 50816K [0x00000000f0000000, 0x0000000100000000, 0x0000000100000000)
  eden space 110336K, 0% used [0x00000000f0000000,0x00000000f0000000,0x00000000f6bc0000)
  from space 50880K, 99% used [0x00000000f6bc0000,0x00000000f9d60298,0x00000000f9d70000)
  to   space 78208K, 0% used [0x00000000fb3a0000,0x00000000fb3a0000,0x0000000100000000)
 ParOldGen       total 425088K, used 302289K [0x00000000d0000000, 0x00000000e9f20000, 0x00000000f0000000)
  object space 425088K, 71% used [0x00000000d0000000,0x00000000e27347e8,0x00000000e9f20000)
 PSPermGen       total 148800K, used 123227K [0x00000000c0000000, 0x00000000c9150000, 0x00000000d0000000)
  object space 148800K, 82% used [0x00000000c0000000,0x00000000c7856d70,0x00000000c9150000)
}

