# JRE version: 7.0_25-b17
# Java VM: Java HotSpot(TM) 64-Bit Server VM (23.25-b01 mixed mode windows-amd64 compressed oops)
Heap
 PSYoungGen      total 166272K, used 108975K [0x00000000f0000000, 0x0000000100000000, 0x0000000100000000)
  eden space 87424K, 44% used [0x00000000f0000000,0x00000000f262aa90,0x00000000f5560000)
  from space 78848K, 88% used [0x00000000fb300000,0x00000000ff741388,0x0000000100000000)
  to   space 87360K, 0% used [0x00000000f5560000,0x00000000f5560000,0x00000000faab0000)
 ParOldGen       total 277952K, used 117766K [0x00000000d0000000, 0x00000000e0f70000, 0x00000000f0000000)
  object space 277952K, 42% used [0x00000000d0000000,0x00000000d7301810,0x00000000e0f70000)
 PSPermGen       total 126144K, used 103282K [0x00000000c0000000, 0x00000000c7b30000, 0x00000000d0000000)
  object space 126144K, 81% used [0x00000000c0000000,0x00000000c64dc830,0x00000000c7b30000)
GC Heap History (10 events):
Event: 1291.828 GC heap before
{Heap before GC invocations=59 (full 5):
 PSYoungGen      total 194048K, used 194006K [0x00000000f0000000, 0x0000000100000000, 0x0000000100000000)
  eden space 146944K, 100% used [0x00000000f0000000,0x00000000f8f80000,0x00000000f8f80000)
  from space 47104K, 99% used [0x00000000f8f80000,0x00000000fbd75a58,0x00000000fbd80000)
  to   space 61888K, 0% used [0x00000000fc390000,0x00000000fc390000,0x0000000100000000)
 ParOldGen       total 277952K, used 113049K [0x00000000d0000000, 0x00000000e0f70000, 0x00000000f0000000)
  object space 277952K, 40% used [0x00000000d0000000,0x00000000d6e66730,0x00000000e0f70000)
 PSPermGen       total 126144K, used 96704K [0x00000000c0000000, 0x00000000c7b30000, 0x00000000d0000000)
  object space 126144K, 76% used [0x00000000c0000000,0x00000000c5e702c0,0x00000000c7b30000)
Event: 1291.861 GC heap after
Heap after GC invocations=59 (full 5):
 PSYoungGen      total 192704K, used 48183K [0x00000000f0000000, 0x0000000100000000, 0x0000000100000000)
  eden space 130816K, 0% used [0x00000000f0000000,0x00000000f0000000,0x00000000f7fc0000)
  from space 61888K, 77% used [0x00000000fc390000,0x00000000ff29def0,0x0000000100000000)
  to   space 65664K, 0% used [0x00000000f7fc0000,0x00000000f7fc0000,0x00000000fbfe0000)
 ParOldGen       total 277952K, used 113049K [0x00000000d0000000, 0x00000000e0f70000, 0x00000000f0000000)
  object space 277952K, 40% used [0x00000000d0000000,0x00000000d6e66730,0x00000000e0f70000)
 PSPermGen       total 126144K, used 96704K [0x00000000c0000000, 0x00000000c7b30000, 0x00000000d0000000)
  object space 126144K, 76% used [0x00000000c0000000,0x00000000c5e702c0,0x00000000c7b30000)
}
Event: 1292.371 GC heap before
{Heap before GC invocations=60 (full 5):
 PSYoungGen      total 192704K, used 178999K [0x00000000f0000000, 0x0000000100000000, 0x0000000100000000)
  eden space 130816K, 100% used [0x00000000f0000000,0x00000000f7fc0000,0x00000000f7fc0000)
  from space 61888K, 77% used [0x00000000fc390000,0x00000000ff29def0,0x0000000100000000)
  to   space 65664K, 0% used [0x00000000f7fc0000,0x00000000f7fc0000,0x00000000fbfe0000)
 ParOldGen       total 277952K, used 113049K [0x00000000d0000000, 0x00000000e0f70000, 0x00000000f0000000)
  object space 277952K, 40% used [0x00000000d0000000,0x00000000d6e66730,0x00000000e0f70000)
 PSPermGen       total 126144K, used 98944K [0x00000000c0000000, 0x00000000c7b30000, 0x00000000d0000000)
  object space 126144K, 78% used [0x00000000c0000000,0x00000000c60a03d0,0x00000000c7b30000)
Event: 1292.399 GC heap after
Heap after GC invocations=60 (full 5):
 PSYoungGen      total 183744K, used 52926K [0x00000000f0000000, 0x0000000100000000, 0x0000000100000000)
  eden space 130816K, 0% used [0x00000000f0000000,0x00000000f0000000,0x00000000f7fc0000)
  from space 52928K, 99% used [0x00000000f7fc0000,0x00000000fb36fbc0,0x00000000fb370000)
  to   space 70272K, 0% used [0x00000000fbb60000,0x00000000fbb60000,0x0000000100000000)
 ParOldGen       total 277952K, used 113049K [0x00000000d0000000, 0x00000000e0f70000, 0x00000000f0000000)
  object space 277952K, 40% used [0x00000000d0000000,0x00000000d6e66730,0x00000000e0f70000)
 PSPermGen       total 126144K, used 98944K [0x00000000c0000000, 0x00000000c7b30000, 0x00000000d0000000)
  object space 126144K, 78% used [0x00000000c0000000,0x00000000c60a03d0,0x00000000c7b30000)
}
Event: 1292.974 GC heap before
{Heap before GC invocations=61 (full 5):
 PSYoungGen      total 183744K, used 183742K [0x00000000f0000000, 0x0000000100000000, 0x0000000100000000)
  eden space 130816K, 100% used [0x00000000f0000000,0x00000000f7fc0000,0x00000000f7fc0000)
  from space 52928K, 99% used [0x00000000f7fc0000,0x00000000fb36fbc0,0x00000000fb370000)
  to   space 70272K, 0% used [0x00000000fbb60000,0x00000000fbb60000,0x0000000100000000)
 ParOldGen       total 277952K, used 113049K [0x00000000d0000000, 0x00000000e0f70000, 0x00000000f0000000)
  object space 277952K, 40% used [0x00000000d0000000,0x00000000d6e66730,0x00000000e0f70000)
 PSPermGen       total 126144K, used 101387K [0x00000000c0000000, 0x00000000c7b30000, 0x00000000d0000000)
  object space 126144K, 80% used [0x00000000c0000000,0x00000000c6302e90,0x00000000c7b30000)
Event: 1293.065 GC heap after
Heap after GC invocations=61 (full 5):
 PSYoungGen      total 179456K, used 60077K [0x00000000f0000000, 0x0000000100000000, 0x0000000100000000)
  eden space 109184K, 0% used [0x00000000f0000000,0x00000000f0000000,0x00000000f6aa0000)
  from space 70272K, 85% used [0x00000000fbb60000,0x00000000ff60b708,0x0000000100000000)
  to   space 76480K, 0% used [0x00000000f6aa0000,0x00000000f6aa0000,0x00000000fb550000)
 ParOldGen       total 277952K, used 113049K [0x00000000d0000000, 0x00000000e0f70000, 0x00000000f0000000)
  object space 277952K, 40% used [0x00000000d0000000,0x00000000d6e66730,0x00000000e0f70000)
 PSPermGen       total 126144K, used 101387K [0x00000000c0000000, 0x00000000c7b30000, 0x00000000d0000000)
  object space 126144K, 80% used [0x00000000c0000000,0x00000000c6302e90,0x00000000c7b30000)
}
Event: 1293.796 GC heap before
{Heap before GC invocations=62 (full 5):
 PSYoungGen      total 179456K, used 169261K [0x00000000f0000000, 0x0000000100000000, 0x0000000100000000)
  eden space 109184K, 100% used [0x00000000f0000000,0x00000000f6aa0000,0x00000000f6aa0000)
  from space 70272K, 85% used [0x00000000fbb60000,0x00000000ff60b708,0x0000000100000000)
  to   space 76480K, 0% used [0x00000000f6aa0000,0x00000000f6aa0000,0x00000000fb550000)
 ParOldGen       total 277952K, used 113049K [0x00000000d0000000, 0x00000000e0f70000, 0x00000000f0000000)
  object space 277952K, 40% used [0x00000000d0000000,0x00000000d6e66730,0x00000000e0f70000)
 PSPermGen       total 126144K, used 101977K [0x00000000c0000000, 0x00000000c7b30000, 0x00000000d0000000)
  object space 126144K, 80% used [0x00000000c0000000,0x00000000c63967c0,0x00000000c7b30000)
Event: 1293.837 GC heap after
Heap after GC invocations=62 (full 5):
 PSYoungGen      total 183296K, used 74070K [0x00000000f0000000, 0x0000000100000000, 0x0000000100000000)
  eden space 109184K, 0% used [0x00000000f0000000,0x00000000f0000000,0x00000000f6aa0000)
  from space 74112K, 99% used [0x00000000f6aa0000,0x00000000fb2f58c0,0x00000000fb300000)
  to   space 78848K, 0% used [0x00000000fb300000,0x00000000fb300000,0x0000000100000000)
 ParOldGen       total 277952K, used 113049K [0x00000000d0000000, 0x00000000e0f70000, 0x00000000f0000000)
  object space 277952K, 40% used [0x00000000d0000000,0x00000000d6e66730,0x00000000e0f70000)
 PSPermGen       total 126144K, used 101977K [0x00000000c0000000, 0x00000000c7b30000, 0x00000000d0000000)
  object space 126144K, 80% used [0x00000000c0000000,0x00000000c63967c0,0x00000000c7b30000)
}
Event: 1294.002 GC heap before
{Heap before GC invocations=63 (full 5):
 PSYoungGen      total 183296K, used 178469K [0x00000000f0000000, 0x0000000100000000, 0x0000000100000000)
  eden space 109184K, 95% used [0x00000000f0000000,0x00000000f65f3ce8,0x00000000f6aa0000)
  from space 74112K, 99% used [0x00000000f6aa0000,0x00000000fb2f58c0,0x00000000fb300000)
  to   space 78848K, 0% used [0x00000000fb300000,0x00000000fb300000,0x0000000100000000)
 ParOldGen       total 277952K, used 113049K [0x00000000d0000000, 0x00000000e0f70000, 0x00000000f0000000)
  object space 277952K, 40% used [0x00000000d0000000,0x00000000d6e66730,0x00000000e0f70000)
 PSPermGen       total 126144K, used 102919K [0x00000000c0000000, 0x00000000c7b30000, 0x00000000d0000000)
  object space 126144K, 81% used [0x00000000c0000000,0x00000000c6481d68,0x00000000c7b30000)
Event: 1294.048 GC heap after
Heap after GC invocations=63 (full 5):
 PSYoungGen      total 166272K, used 69892K [0x00000000f0000000, 0x0000000100000000, 0x0000000100000000)
  eden space 87424K, 0% used [0x00000000f0000000,0x00000000f0000000,0x00000000f5560000)
  from space 78848K, 88% used [0x00000000fb300000,0x00000000ff741388,0x0000000100000000)
  to   space 87360K, 0% used [0x00000000f5560000,0x00000000f5560000,0x00000000faab0000)
 ParOldGen       total 277952K, used 117766K [0x00000000d0000000, 0x00000000e0f70000, 0x00000000f0000000)
  object space 277952K, 42% used [0x00000000d0000000,0x00000000d7301810,0x00000000e0f70000)
 PSPermGen       total 126144K, used 102919K [0x00000000c0000000, 0x00000000c7b30000, 0x00000000d0000000)
  object space 126144K, 81% used [0x00000000c0000000,0x00000000c6481d68,0x00000000c7b30000)
}

