# JRE version: 7.0_25-b17
# Java VM: Java HotSpot(TM) 64-Bit Server VM (23.25-b01 mixed mode windows-amd64 compressed oops)
Heap
 PSYoungGen      total 186944K, used 129071K [0x00000000f0000000, 0x0000000100000000, 0x0000000100000000)
  eden space 122048K, 75% used [0x00000000f0000000,0x00000000f59ae0c8,0x00000000f7730000)
  from space 64896K, 57% used [0x00000000f7730000,0x00000000f9b8dc18,0x00000000fb690000)
  to   space 64832K, 0% used [0x00000000fc0b0000,0x00000000fc0b0000,0x0000000100000000)
 ParOldGen       total 428224K, used 307925K [0x00000000d0000000, 0x00000000ea230000, 0x00000000f0000000)
  object space 428224K, 71% used [0x00000000d0000000,0x00000000e2cb5728,0x00000000ea230000)
 PSPermGen       total 160448K, used 127487K [0x00000000c0000000, 0x00000000c9cb0000, 0x00000000d0000000)
  object space 160448K, 79% used [0x00000000c0000000,0x00000000c7c7ff28,0x00000000c9cb0000)
GC Heap History (10 events):
Event: 3080.824 GC heap before
{Heap before GC invocations=123 (full 6):
 PSYoungGen      total 188096K, used 38917K [0x00000000f0000000, 0x0000000100000000, 0x0000000100000000)
  eden space 114048K, 0% used [0x00000000f0000000,0x00000000f0000000,0x00000000f6f60000)
  from space 74048K, 52% used [0x00000000f6f60000,0x00000000f9561618,0x00000000fb7b0000)
  to   space 73536K, 0% used [0x00000000fb830000,0x00000000fb830000,0x0000000100000000)
 ParOldGen       total 346112K, used 345341K [0x00000000d0000000, 0x00000000e5200000, 0x00000000f0000000)
  object space 346112K, 99% used [0x00000000d0000000,0x00000000e513f790,0x00000000e5200000)
 PSPermGen       total 146560K, used 124353K [0x00000000c0000000, 0x00000000c8f20000, 0x00000000d0000000)
  object space 146560K, 84% used [0x00000000c0000000,0x00000000c7970780,0x00000000c8f20000)
Event: 3081.380 GC heap after
Heap after GC invocations=123 (full 6):
 PSYoungGen      total 188096K, used 0K [0x00000000f0000000, 0x0000000100000000, 0x0000000100000000)
  eden space 114048K, 0% used [0x00000000f0000000,0x00000000f0000000,0x00000000f6f60000)
  from space 74048K, 0% used [0x00000000f6f60000,0x00000000f6f60000,0x00000000fb7b0000)
  to   space 73536K, 0% used [0x00000000fb830000,0x00000000fb830000,0x0000000100000000)
 ParOldGen       total 428224K, used 307925K [0x00000000d0000000, 0x00000000ea230000, 0x00000000f0000000)
  object space 428224K, 71% used [0x00000000d0000000,0x00000000e2cb5728,0x00000000ea230000)
 PSPermGen       total 160448K, used 121166K [0x00000000c0000000, 0x00000000c9cb0000, 0x00000000d0000000)
  object space 160448K, 75% used [0x00000000c0000000,0x00000000c76539a0,0x00000000c9cb0000)
}
Event: 3082.179 GC heap before
{Heap before GC invocations=124 (full 6):
 PSYoungGen      total 188096K, used 114048K [0x00000000f0000000, 0x0000000100000000, 0x0000000100000000)
  eden space 114048K, 100% used [0x00000000f0000000,0x00000000f6f60000,0x00000000f6f60000)
  from space 74048K, 0% used [0x00000000f6f60000,0x00000000f6f60000,0x00000000fb7b0000)
  to   space 73536K, 0% used [0x00000000fb830000,0x00000000fb830000,0x0000000100000000)
 ParOldGen       total 428224K, used 307925K [0x00000000d0000000, 0x00000000ea230000, 0x00000000f0000000)
  object space 428224K, 71% used [0x00000000d0000000,0x00000000e2cb5728,0x00000000ea230000)
 PSPermGen       total 160448K, used 121390K [0x00000000c0000000, 0x00000000c9cb0000, 0x00000000d0000000)
  object space 160448K, 75% used [0x00000000c0000000,0x00000000c768bb48,0x00000000c9cb0000)
Event: 3082.189 GC heap after
Heap after GC invocations=124 (full 6):
 PSYoungGen      total 185024K, used 10481K [0x00000000f0000000, 0x00000000ffd00000, 0x0000000100000000)
  eden space 114560K, 0% used [0x00000000f0000000,0x00000000f0000000,0x00000000f6fe0000)
  from space 70464K, 14% used [0x00000000fb830000,0x00000000fc26c408,0x00000000ffd00000)
  to   space 72256K, 0% used [0x00000000f6fe0000,0x00000000f6fe0000,0x00000000fb670000)
 ParOldGen       total 428224K, used 307925K [0x00000000d0000000, 0x00000000ea230000, 0x00000000f0000000)
  object space 428224K, 71% used [0x00000000d0000000,0x00000000e2cb5728,0x00000000ea230000)
 PSPermGen       total 160448K, used 121390K [0x00000000c0000000, 0x00000000c9cb0000, 0x00000000d0000000)
  object space 160448K, 75% used [0x00000000c0000000,0x00000000c768bb48,0x00000000c9cb0000)
}
Event: 3083.184 GC heap before
{Heap before GC invocations=125 (full 6):
 PSYoungGen      total 185024K, used 125041K [0x00000000f0000000, 0x00000000ffd00000, 0x0000000100000000)
  eden space 114560K, 100% used [0x00000000f0000000,0x00000000f6fe0000,0x00000000f6fe0000)
  from space 70464K, 14% used [0x00000000fb830000,0x00000000fc26c408,0x00000000ffd00000)
  to   space 72256K, 0% used [0x00000000f6fe0000,0x00000000f6fe0000,0x00000000fb670000)
 ParOldGen       total 428224K, used 307925K [0x00000000d0000000, 0x00000000ea230000, 0x00000000f0000000)
  object space 428224K, 71% used [0x00000000d0000000,0x00000000e2cb5728,0x00000000ea230000)
 PSPermGen       total 160448K, used 121521K [0x00000000c0000000, 0x00000000c9cb0000, 0x00000000d0000000)
  object space 160448K, 75% used [0x00000000c0000000,0x00000000c76ac758,0x00000000c9cb0000)
Event: 3083.199 GC heap after
Heap after GC invocations=125 (full 6):
 PSYoungGen      total 186816K, used 26315K [0x00000000f0000000, 0x00000000ff920000, 0x0000000100000000)
  eden space 114560K, 0% used [0x00000000f0000000,0x00000000f0000000,0x00000000f6fe0000)
  from space 72256K, 36% used [0x00000000f6fe0000,0x00000000f8992f38,0x00000000fb670000)
  to   space 67840K, 0% used [0x00000000fb6e0000,0x00000000fb6e0000,0x00000000ff920000)
 ParOldGen       total 428224K, used 307925K [0x00000000d0000000, 0x00000000ea230000, 0x00000000f0000000)
  object space 428224K, 71% used [0x00000000d0000000,0x00000000e2cb5728,0x00000000ea230000)
 PSPermGen       total 160448K, used 121521K [0x00000000c0000000, 0x00000000c9cb0000, 0x00000000d0000000)
  object space 160448K, 75% used [0x00000000c0000000,0x00000000c76ac758,0x00000000c9cb0000)
}
Event: 3083.743 GC heap before
{Heap before GC invocations=126 (full 6):
 PSYoungGen      total 186816K, used 140875K [0x00000000f0000000, 0x00000000ff920000, 0x0000000100000000)
  eden space 114560K, 100% used [0x00000000f0000000,0x00000000f6fe0000,0x00000000f6fe0000)
  from space 72256K, 36% used [0x00000000f6fe0000,0x00000000f8992f38,0x00000000fb670000)
  to   space 67840K, 0% used [0x00000000fb6e0000,0x00000000fb6e0000,0x00000000ff920000)
 ParOldGen       total 428224K, used 307925K [0x00000000d0000000, 0x00000000ea230000, 0x00000000f0000000)
  object space 428224K, 71% used [0x00000000d0000000,0x00000000e2cb5728,0x00000000ea230000)
 PSPermGen       total 160448K, used 121996K [0x00000000c0000000, 0x00000000c9cb0000, 0x00000000d0000000)
  object space 160448K, 76% used [0x00000000c0000000,0x00000000c7723038,0x00000000c9cb0000)
Event: 3083.758 GC heap after
Heap after GC invocations=126 (full 6):
 PSYoungGen      total 186624K, used 30019K [0x00000000f0000000, 0x00000000ff5f0000, 0x0000000100000000)
  eden space 122048K, 0% used [0x00000000f0000000,0x00000000f0000000,0x00000000f7730000)
  from space 64576K, 46% used [0x00000000fb6e0000,0x00000000fd430f30,0x00000000ff5f0000)
  to   space 64896K, 0% used [0x00000000f7730000,0x00000000f7730000,0x00000000fb690000)
 ParOldGen       total 428224K, used 307925K [0x00000000d0000000, 0x00000000ea230000, 0x00000000f0000000)
  object space 428224K, 71% used [0x00000000d0000000,0x00000000e2cb5728,0x00000000ea230000)
 PSPermGen       total 160448K, used 121996K [0x00000000c0000000, 0x00000000c9cb0000, 0x00000000d0000000)
  object space 160448K, 76% used [0x00000000c0000000,0x00000000c7723038,0x00000000c9cb0000)
}
Event: 3084.199 GC heap before
{Heap before GC invocations=127 (full 6):
 PSYoungGen      total 186624K, used 152067K [0x00000000f0000000, 0x00000000ff5f0000, 0x0000000100000000)
  eden space 122048K, 100% used [0x00000000f0000000,0x00000000f7730000,0x00000000f7730000)
  from space 64576K, 46% used [0x00000000fb6e0000,0x00000000fd430f30,0x00000000ff5f0000)
  to   space 64896K, 0% used [0x00000000f7730000,0x00000000f7730000,0x00000000fb690000)
 ParOldGen       total 428224K, used 307925K [0x00000000d0000000, 0x00000000ea230000, 0x00000000f0000000)
  object space 428224K, 71% used [0x00000000d0000000,0x00000000e2cb5728,0x00000000ea230000)
 PSPermGen       total 160448K, used 127118K [0x00000000c0000000, 0x00000000c9cb0000, 0x00000000d0000000)
  object space 160448K, 79% used [0x00000000c0000000,0x00000000c7c23a58,0x00000000c9cb0000)
Event: 3084.225 GC heap after
Heap after GC invocations=127 (full 6):
 PSYoungGen      total 186944K, used 37239K [0x00000000f0000000, 0x0000000100000000, 0x0000000100000000)
  eden space 122048K, 0% used [0x00000000f0000000,0x00000000f0000000,0x00000000f7730000)
  from space 64896K, 57% used [0x00000000f7730000,0x00000000f9b8dc18,0x00000000fb690000)
  to   space 64832K, 0% used [0x00000000fc0b0000,0x00000000fc0b0000,0x0000000100000000)
 ParOldGen       total 428224K, used 307925K [0x00000000d0000000, 0x00000000ea230000, 0x00000000f0000000)
  object space 428224K, 71% used [0x00000000d0000000,0x00000000e2cb5728,0x00000000ea230000)
 PSPermGen       total 160448K, used 127118K [0x00000000c0000000, 0x00000000c9cb0000, 0x00000000d0000000)
  object space 160448K, 79% used [0x00000000c0000000,0x00000000c7c23a58,0x00000000c9cb0000)
}

