# JRE version: 7.0_21-b11
# Java VM: Java HotSpot(TM) 64-Bit Server VM (23.21-b01 mixed mode windows-amd64 compressed oops)
Heap
 PSYoungGen      total 241920K, used 63040K [0x00000000f0000000, 0x0000000100000000, 0x0000000100000000)
  eden space 226816K, 22% used [0x00000000f0000000,0x00000000f30bca48,0x00000000fdd80000)
  from space 15104K, 86% used [0x00000000ff140000,0x00000000ffe135f0,0x0000000100000000)
  to   space 17664K, 0% used [0x00000000fdd80000,0x00000000fdd80000,0x00000000feec0000)
 ParOldGen       total 524288K, used 196610K [0x00000000d0000000, 0x00000000f0000000, 0x00000000f0000000)
  object space 524288K, 37% used [0x00000000d0000000,0x00000000dc000988,0x00000000f0000000)
 PSPermGen       total 262144K, used 101569K [0x00000000c0000000, 0x00000000d0000000, 0x00000000d0000000)
  object space 262144K, 38% used [0x00000000c0000000,0x00000000c6330540,0x00000000d0000000)
GC Heap History (10 events):
Event: 47.430 GC heap before
{Heap before GC invocations=42 (full 0):
 PSYoungGen      total 249344K, used 238007K [0x00000000f0000000, 0x0000000100000000, 0x0000000100000000)
  eden space 237248K, 98% used [0x00000000f0000000,0x00000000fe3cdf58,0x00000000fe7b0000)
  from space 12096K, 39% used [0x00000000fe7b0000,0x00000000fec50000,0x00000000ff380000)
  to   space 11392K, 0% used [0x00000000ff4e0000,0x00000000ff4e0000,0x0000000100000000)
 ParOldGen       total 524288K, used 165634K [0x00000000d0000000, 0x00000000f0000000, 0x00000000f0000000)
  object space 524288K, 31% used [0x00000000d0000000,0x00000000da1c08a8,0x00000000f0000000)
 PSPermGen       total 262144K, used 87053K [0x00000000c0000000, 0x00000000d0000000, 0x00000000d0000000)
  object space 262144K, 33% used [0x00000000c0000000,0x00000000c5503790,0x00000000d0000000)
Event: 47.438 GC heap after
Heap after GC invocations=42 (full 0):
 PSYoungGen      total 251072K, used 2896K [0x00000000f0000000, 0x0000000100000000, 0x0000000100000000)
  eden space 239680K, 0% used [0x00000000f0000000,0x00000000f0000000,0x00000000fea10000)
  from space 11392K, 25% used [0x00000000ff4e0000,0x00000000ff7b4010,0x0000000100000000)
  to   space 11072K, 0% used [0x00000000fea10000,0x00000000fea10000,0x00000000ff4e0000)
 ParOldGen       total 524288K, used 169650K [0x00000000d0000000, 0x00000000f0000000, 0x00000000f0000000)
  object space 524288K, 32% used [0x00000000d0000000,0x00000000da5acb08,0x00000000f0000000)
 PSPermGen       total 262144K, used 87053K [0x00000000c0000000, 0x00000000d0000000, 0x00000000d0000000)
  object space 262144K, 33% used [0x00000000c0000000,0x00000000c5503790,0x00000000d0000000)
}
Event: 49.124 GC heap before
{Heap before GC invocations=43 (full 0):
 PSYoungGen      total 251072K, used 242576K [0x00000000f0000000, 0x0000000100000000, 0x0000000100000000)
  eden space 239680K, 100% used [0x00000000f0000000,0x00000000fea10000,0x00000000fea10000)
  from space 11392K, 25% used [0x00000000ff4e0000,0x00000000ff7b4010,0x0000000100000000)
  to   space 11072K, 0% used [0x00000000fea10000,0x00000000fea10000,0x00000000ff4e0000)
 ParOldGen       total 524288K, used 169650K [0x00000000d0000000, 0x00000000f0000000, 0x00000000f0000000)
  object space 524288K, 32% used [0x00000000d0000000,0x00000000da5acb08,0x00000000f0000000)
 PSPermGen       total 262144K, used 87777K [0x00000000c0000000, 0x00000000d0000000, 0x00000000d0000000)
  object space 262144K, 33% used [0x00000000c0000000,0x00000000c55b85e8,0x00000000d0000000)
Event: 49.144 GC heap after
Heap after GC invocations=43 (full 0):
 PSYoungGen      total 250752K, used 2704K [0x00000000f0000000, 0x0000000100000000, 0x0000000100000000)
  eden space 239680K, 0% used [0x00000000f0000000,0x00000000f0000000,0x00000000fea10000)
  from space 11072K, 24% used [0x00000000fea10000,0x00000000fecb4010,0x00000000ff4e0000)
  to   space 10752K, 0% used [0x00000000ff580000,0x00000000ff580000,0x0000000100000000)
 ParOldGen       total 524288K, used 171503K [0x00000000d0000000, 0x00000000f0000000, 0x00000000f0000000)
  object space 524288K, 32% used [0x00000000d0000000,0x00000000da77bfa8,0x00000000f0000000)
 PSPermGen       total 262144K, used 87777K [0x00000000c0000000, 0x00000000d0000000, 0x00000000d0000000)
  object space 262144K, 33% used [0x00000000c0000000,0x00000000c55b85e8,0x00000000d0000000)
}
Event: 252.493 GC heap before
{Heap before GC invocations=44 (full 0):
 PSYoungGen      total 250752K, used 242384K [0x00000000f0000000, 0x0000000100000000, 0x0000000100000000)
  eden space 239680K, 100% used [0x00000000f0000000,0x00000000fea10000,0x00000000fea10000)
  from space 11072K, 24% used [0x00000000fea10000,0x00000000fecb4010,0x00000000ff4e0000)
  to   space 10752K, 0% used [0x00000000ff580000,0x00000000ff580000,0x0000000100000000)
 ParOldGen       total 524288K, used 171503K [0x00000000d0000000, 0x00000000f0000000, 0x00000000f0000000)
  object space 524288K, 32% used [0x00000000d0000000,0x00000000da77bfa8,0x00000000f0000000)
 PSPermGen       total 262144K, used 89643K [0x00000000c0000000, 0x00000000d0000000, 0x00000000d0000000)
  object space 262144K, 34% used [0x00000000c0000000,0x00000000c578af08,0x00000000d0000000)
Event: 252.509 GC heap after
Heap after GC invocations=44 (full 0):
 PSYoungGen      total 244608K, used 10747K [0x00000000f0000000, 0x0000000100000000, 0x0000000100000000)
  eden space 233856K, 0% used [0x00000000f0000000,0x00000000f0000000,0x00000000fe460000)
  from space 10752K, 99% used [0x00000000ff580000,0x00000000ffffede8,0x0000000100000000)
  to   space 14144K, 0% used [0x00000000fe460000,0x00000000fe460000,0x00000000ff230000)
 ParOldGen       total 524288K, used 176008K [0x00000000d0000000, 0x00000000f0000000, 0x00000000f0000000)
  object space 524288K, 33% used [0x00000000d0000000,0x00000000dabe2150,0x00000000f0000000)
 PSPermGen       total 262144K, used 89643K [0x00000000c0000000, 0x00000000d0000000, 0x00000000d0000000)
  object space 262144K, 34% used [0x00000000c0000000,0x00000000c578af08,0x00000000d0000000)
}
Event: 667.596 GC heap before
{Heap before GC invocations=45 (full 0):
 PSYoungGen      total 244608K, used 239224K [0x00000000f0000000, 0x0000000100000000, 0x0000000100000000)
  eden space 233856K, 97% used [0x00000000f0000000,0x00000000fdf1f5d8,0x00000000fe460000)
  from space 10752K, 99% used [0x00000000ff580000,0x00000000ffffede8,0x0000000100000000)
  to   space 14144K, 0% used [0x00000000fe460000,0x00000000fe460000,0x00000000ff230000)
 ParOldGen       total 524288K, used 176008K [0x00000000d0000000, 0x00000000f0000000, 0x00000000f0000000)
  object space 524288K, 33% used [0x00000000d0000000,0x00000000dabe2150,0x00000000f0000000)
 PSPermGen       total 262144K, used 90427K [0x00000000c0000000, 0x00000000d0000000, 0x00000000d0000000)
  object space 262144K, 34% used [0x00000000c0000000,0x00000000c584eea0,0x00000000d0000000)
Event: 667.617 GC heap after
Heap after GC invocations=45 (full 0):
 PSYoungGen      total 247040K, used 13150K [0x00000000f0000000, 0x0000000100000000, 0x0000000100000000)
  eden space 233856K, 0% used [0x00000000f0000000,0x00000000f0000000,0x00000000fe460000)
  from space 13184K, 99% used [0x00000000fe460000,0x00000000ff137b08,0x00000000ff140000)
  to   space 15104K, 0% used [0x00000000ff140000,0x00000000ff140000,0x0000000100000000)
 ParOldGen       total 524288K, used 185736K [0x00000000d0000000, 0x00000000f0000000, 0x00000000f0000000)
  object space 524288K, 35% used [0x00000000d0000000,0x00000000db562278,0x00000000f0000000)
 PSPermGen       total 262144K, used 90427K [0x00000000c0000000, 0x00000000d0000000, 0x00000000d0000000)
  object space 262144K, 34% used [0x00000000c0000000,0x00000000c584eea0,0x00000000d0000000)
}
Event: 798.551 GC heap before
{Heap before GC invocations=46 (full 0):
 PSYoungGen      total 247040K, used 247006K [0x00000000f0000000, 0x0000000100000000, 0x0000000100000000)
  eden space 233856K, 100% used [0x00000000f0000000,0x00000000fe460000,0x00000000fe460000)
  from space 13184K, 99% used [0x00000000fe460000,0x00000000ff137b08,0x00000000ff140000)
  to   space 15104K, 0% used [0x00000000ff140000,0x00000000ff140000,0x0000000100000000)
 ParOldGen       total 524288K, used 185736K [0x00000000d0000000, 0x00000000f0000000, 0x00000000f0000000)
  object space 524288K, 35% used [0x00000000d0000000,0x00000000db562278,0x00000000f0000000)
 PSPermGen       total 262144K, used 99262K [0x00000000c0000000, 0x00000000d0000000, 0x00000000d0000000)
  object space 262144K, 37% used [0x00000000c0000000,0x00000000c60ef9c8,0x00000000d0000000)
Event: 798.572 GC heap after
Heap after GC invocations=46 (full 0):
 PSYoungGen      total 241920K, used 13133K [0x00000000f0000000, 0x0000000100000000, 0x0000000100000000)
  eden space 226816K, 0% used [0x00000000f0000000,0x00000000f0000000,0x00000000fdd80000)
  from space 15104K, 86% used [0x00000000ff140000,0x00000000ffe135f0,0x0000000100000000)
  to   space 17664K, 0% used [0x00000000fdd80000,0x00000000fdd80000,0x00000000feec0000)
 ParOldGen       total 524288K, used 196610K [0x00000000d0000000, 0x00000000f0000000, 0x00000000f0000000)
  object space 524288K, 37% used [0x00000000d0000000,0x00000000dc000988,0x00000000f0000000)
 PSPermGen       total 262144K, used 99262K [0x00000000c0000000, 0x00000000d0000000, 0x00000000d0000000)
  object space 262144K, 37% used [0x00000000c0000000,0x00000000c60ef9c8,0x00000000d0000000)
}

